[    13.729] (WW) Failed to open protocol names file lib/xorg/protocol.txt
[    13.730] 
X.Org X Server 1.20.6
X Protocol Version 11, Revision 0
[    13.730] Build Operating System: Linux Arch Linux
[    13.730] Current Operating System: Linux andromeda 5.4.7-arch1-1 #1 SMP PREEMPT Tue, 31 Dec 2019 17:20:16 +0000 x86_64
[    13.730] Kernel command line: \\boot\vmlinuz-linux ro root=UUID=e761a23e-1d8f-4bd7-b42c-080276414d13 initrd=boot\initramfs-linux.img
[    13.730] Build Date: 04 January 2020  10:10:25AM
[    13.730]  
[    13.730] Current version of pixman: 0.38.4
[    13.730] 	Before reporting problems, check http://wiki.x.org
	to make sure that you have the latest version.
[    13.730] Markers: (--) probed, (**) from config file, (==) default setting,
	(++) from command line, (!!) notice, (II) informational,
	(WW) warning, (EE) error, (NI) not implemented, (??) unknown.
[    13.730] (==) Log file: "/home/panther/.local/share/xorg/Xorg.0.log", Time: Sun Jan  5 16:42:54 2020
[    13.731] (==) Using system config directory "/usr/share/X11/xorg.conf.d"
[    13.732] (==) No Layout section.  Using the first Screen section.
[    13.732] (==) No screen section available. Using defaults.
[    13.732] (**) |-->Screen "Default Screen Section" (0)
[    13.732] (**) |   |-->Monitor "<default monitor>"
[    13.732] (==) No monitor specified for screen "Default Screen Section".
	Using a default monitor configuration.
[    13.732] (==) Automatically adding devices
[    13.732] (==) Automatically enabling devices
[    13.732] (==) Automatically adding GPU devices
[    13.732] (==) Automatically binding GPU devices
[    13.732] (==) Max clients allowed: 256, resource mask: 0x1fffff
[    13.732] (WW) `fonts.dir' not found (or not valid) in "/usr/share/fonts/misc".
[    13.732] 	Entry deleted from font path.
[    13.732] 	(Run 'mkfontdir' on "/usr/share/fonts/misc").
[    13.733] (WW) The directory "/usr/share/fonts/OTF" does not exist.
[    13.733] 	Entry deleted from font path.
[    13.733] (WW) The directory "/usr/share/fonts/Type1" does not exist.
[    13.733] 	Entry deleted from font path.
[    13.735] (==) FontPath set to:
	/usr/share/fonts/TTF,
	/usr/share/fonts/100dpi,
	/usr/share/fonts/75dpi
[    13.735] (==) ModulePath set to "/usr/lib/xorg/modules"
[    13.735] (II) The server relies on udev to provide the list of input devices.
	If no devices become available, reconfigure udev or disable AutoAddDevices.
[    13.735] (II) Module ABI versions:
[    13.735] 	X.Org ANSI C Emulation: 0.4
[    13.735] 	X.Org Video Driver: 24.0
[    13.735] 	X.Org XInput driver : 24.1
[    13.735] 	X.Org Server Extension : 10.0
[    13.735] (++) using VT number 1

[    13.737] (II) systemd-logind: took control of session /org/freedesktop/login1/session/_31
[    13.738] (II) xfree86: Adding drm device (/dev/dri/card0)
[    13.739] (II) systemd-logind: got fd for /dev/dri/card0 226:0 fd 10 paused 0
[    13.741] (--) PCI:*(4@0:0:0) 1002:15d8:17aa:5124 rev 194, Mem @ 0xc0000000/268435456, 0xd0000000/2097152, 0xd0600000/524288, I/O @ 0x00001000/256, BIOS @ 0x????????/131072
[    13.741] (WW) Open ACPI failed (/var/run/acpid.socket) (No such file or directory)
[    13.741] (II) LoadModule: "glx"
[    13.741] (II) Loading /usr/lib/xorg/modules/extensions/libglx.so
[    13.748] (II) Module glx: vendor="X.Org Foundation"
[    13.748] 	compiled for 1.20.6, module version = 1.0.0
[    13.748] 	ABI class: X.Org Server Extension, version 10.0
[    13.748] (==) Matched ati as autoconfigured driver 0
[    13.748] (==) Matched modesetting as autoconfigured driver 1
[    13.748] (==) Matched fbdev as autoconfigured driver 2
[    13.748] (==) Matched vesa as autoconfigured driver 3
[    13.748] (==) Assigned the driver to the xf86ConfigLayout
[    13.748] (II) LoadModule: "ati"
[    13.749] (WW) Warning, couldn't open module ati
[    13.749] (EE) Failed to load module "ati" (module does not exist, 0)
[    13.749] (II) LoadModule: "modesetting"
[    13.749] (II) Loading /usr/lib/xorg/modules/drivers/modesetting_drv.so
[    13.751] (II) Module modesetting: vendor="X.Org Foundation"
[    13.752] 	compiled for 1.20.6, module version = 1.20.6
[    13.752] 	Module class: X.Org Video Driver
[    13.752] 	ABI class: X.Org Video Driver, version 24.0
[    13.752] (II) LoadModule: "fbdev"
[    13.752] (WW) Warning, couldn't open module fbdev
[    13.752] (EE) Failed to load module "fbdev" (module does not exist, 0)
[    13.752] (II) LoadModule: "vesa"
[    13.752] (II) Loading /usr/lib/xorg/modules/drivers/vesa_drv.so
[    13.753] (II) Module vesa: vendor="X.Org Foundation"
[    13.753] 	compiled for 1.20.0, module version = 2.4.0
[    13.753] 	Module class: X.Org Video Driver
[    13.753] 	ABI class: X.Org Video Driver, version 24.0
[    13.753] (II) modesetting: Driver for Modesetting Kernel Drivers: kms
[    13.753] (II) VESA: driver for VESA chipsets: vesa
[    13.753] xf86EnableIOPorts: failed to set IOPL for I/O (Operation not permitted)
[    13.753] (II) modeset(0): using drv /dev/dri/card0
[    13.753] (WW) VGA arbiter: cannot open kernel arbiter, no multi-card support
[    13.753] (II) modeset(0): Creating default Display subsection in Screen section
	"Default Screen Section" for depth/fbbpp 24/32
[    13.753] (==) modeset(0): Depth 24, (==) framebuffer bpp 32
[    13.753] (==) modeset(0): RGB weight 888
[    13.753] (==) modeset(0): Default visual is TrueColor
[    13.753] (II) Loading sub module "glamoregl"
[    13.753] (II) LoadModule: "glamoregl"
[    13.753] (II) Loading /usr/lib/xorg/modules/libglamoregl.so
[    13.759] (II) Module glamoregl: vendor="X.Org Foundation"
[    13.759] 	compiled for 1.20.6, module version = 1.0.1
[    13.759] 	ABI class: X.Org ANSI C Emulation, version 0.4
[    14.068] (II) modeset(0): glamor X acceleration enabled on AMD RAVEN (DRM 3.35.0, 5.4.7-arch1-1, LLVM 9.0.0)
[    14.068] (II) modeset(0): glamor initialized
[    14.068] (II) modeset(0): Output eDP-1 has no monitor section
[    14.068] (II) modeset(0): Output HDMI-1 has no monitor section
[    14.068] (II) modeset(0): Output DP-1 has no monitor section
[    14.069] (II) modeset(0): Output DP-2 has no monitor section
[    14.069] (II) modeset(0): EDID for output eDP-1
[    14.069] (II) modeset(0): Manufacturer: CMN  Model: 14d4  Serial#: 0
[    14.069] (II) modeset(0): Year: 2016  Week: 36
[    14.069] (II) modeset(0): EDID Version: 1.4
[    14.069] (II) modeset(0): Digital Display Input
[    14.069] (II) modeset(0): 8 bits per channel
[    14.069] (II) modeset(0): Digital interface is DisplayPort
[    14.069] (II) modeset(0): Max Image Size [cm]: horiz.: 31  vert.: 17
[    14.069] (II) modeset(0): Gamma: 2.20
[    14.069] (II) modeset(0): No DPMS capabilities specified
[    14.069] (II) modeset(0): Supported color encodings: RGB 4:4:4 
[    14.069] (II) modeset(0): First detailed timing is preferred mode
[    14.069] (II) modeset(0): Preferred mode is native pixel format and refresh rate
[    14.069] (II) modeset(0): redX: 0.590 redY: 0.350   greenX: 0.330 greenY: 0.555
[    14.069] (II) modeset(0): blueX: 0.153 blueY: 0.119   whiteX: 0.313 whiteY: 0.329
[    14.069] (II) modeset(0): Manufacturer's mask: 0
[    14.069] (II) modeset(0): Supported detailed timing:
[    14.069] (II) modeset(0): clock: 152.8 MHz   Image Size:  309 x 173 mm
[    14.069] (II) modeset(0): h_active: 1920  h_sync: 2000  h_sync_end 2060 h_blank_end 2250 h_border: 0
[    14.069] (II) modeset(0): v_active: 1080  v_sync: 1086  v_sync_end 1094 v_blanking: 1132 v_border: 0
[    14.069] (II) modeset(0):  N140HCA-EAC
[    14.069] (II) modeset(0):  CMN
[    14.069] (II) modeset(0):  N140HCA-EAC
[    14.069] (II) modeset(0): EDID (in hex):
[    14.069] (II) modeset(0): 	00ffffffffffff000daed41400000000
[    14.069] (II) modeset(0): 	241a0104a51f11780228659759548e27
[    14.069] (II) modeset(0): 	1e505400000001010101010101010101
[    14.069] (II) modeset(0): 	010101010101b43b804a71383440503c
[    14.069] (II) modeset(0): 	680035ad10000018000000fe004e3134
[    14.069] (II) modeset(0): 	304843412d4541430a20000000fe0043
[    14.069] (II) modeset(0): 	4d4e0a202020202020202020000000fe
[    14.069] (II) modeset(0): 	004e3134304843412d4541430a200005
[    14.069] (II) modeset(0): Printing probed modes for output eDP-1
[    14.069] (II) modeset(0): Modeline "1920x1080"x60.0  152.84  1920 2000 2060 2250  1080 1086 1094 1132 -hsync -vsync (67.9 kHz eP)
[    14.069] (II) modeset(0): Modeline "1920x1080"x120.0  356.38  1920 2080 2288 2656  1080 1081 1084 1118 doublescan -hsync +vsync (134.2 kHz d)
[    14.069] (II) modeset(0): Modeline "1920x1080"x119.9  266.50  1920 1944 1960 2000  1080 1081 1084 1111 doublescan +hsync -vsync (133.2 kHz d)
[    14.069] (II) modeset(0): Modeline "1920x1080"x60.0  173.00  1920 2048 2248 2576  1080 1083 1088 1120 -hsync +vsync (67.2 kHz d)
[    14.069] (II) modeset(0): Modeline "1920x1080"x59.9  138.50  1920 1968 2000 2080  1080 1083 1088 1111 +hsync -vsync (66.6 kHz d)
[    14.069] (II) modeset(0): Modeline "1680x1050"x60.0  152.84  1680 2000 2060 2250  1050 1086 1094 1132 -hsync -vsync (67.9 kHz e)
[    14.069] (II) modeset(0): Modeline "1680x1050"x60.0  146.25  1680 1784 1960 2240  1050 1053 1059 1089 -hsync +vsync (65.3 kHz d)
[    14.069] (II) modeset(0): Modeline "1680x1050"x59.9  119.00  1680 1728 1760 1840  1050 1053 1059 1080 +hsync -vsync (64.7 kHz d)
[    14.069] (II) modeset(0): Modeline "1400x1050"x60.0  122.00  1400 1488 1640 1880  1050 1052 1064 1082 +hsync +vsync (64.9 kHz d)
[    14.069] (II) modeset(0): Modeline "1600x900"x120.0  246.00  1600 1728 1900 2200  900 901 904 932 doublescan -hsync +vsync (111.8 kHz d)
[    14.069] (II) modeset(0): Modeline "1600x900"x119.9  186.50  1600 1624 1640 1680  900 901 904 926 doublescan +hsync -vsync (111.0 kHz d)
[    14.069] (II) modeset(0): Modeline "1600x900"x59.9  118.25  1600 1696 1856 2112  900 903 908 934 -hsync +vsync (56.0 kHz d)
[    14.069] (II) modeset(0): Modeline "1600x900"x59.8   97.50  1600 1648 1680 1760  900 903 908 926 +hsync -vsync (55.4 kHz d)
[    14.069] (II) modeset(0): Modeline "1280x1024"x60.0  152.84  1280 2000 2060 2250  1024 1086 1094 1132 -hsync -vsync (67.9 kHz e)
[    14.069] (II) modeset(0): Modeline "1280x1024"x60.0  108.00  1280 1328 1440 1688  1024 1025 1028 1066 +hsync +vsync (64.0 kHz d)
[    14.069] (II) modeset(0): Modeline "1440x900"x60.0  152.84  1440 2000 2060 2250  900 1086 1094 1132 -hsync -vsync (67.9 kHz e)
[    14.069] (II) modeset(0): Modeline "1400x900"x60.0  103.50  1400 1480 1624 1848  900 903 913 934 -hsync +vsync (56.0 kHz d)
[    14.069] (II) modeset(0): Modeline "1400x900"x59.9   86.50  1400 1448 1480 1560  900 903 913 926 +hsync -vsync (55.4 kHz d)
[    14.069] (II) modeset(0): Modeline "1280x960"x60.0  108.00  1280 1376 1488 1800  960 961 964 1000 +hsync +vsync (60.0 kHz d)
[    14.069] (II) modeset(0): Modeline "1440x810"x120.0  198.12  1440 1548 1704 1968  810 811 814 839 doublescan -hsync +vsync (100.7 kHz d)
[    14.069] (II) modeset(0): Modeline "1440x810"x119.9  151.88  1440 1464 1480 1520  810 811 814 833 doublescan +hsync -vsync (99.9 kHz d)
[    14.069] (II) modeset(0): Modeline "1368x768"x59.9   85.25  1368 1440 1576 1784  768 771 781 798 -hsync +vsync (47.8 kHz d)
[    14.069] (II) modeset(0): Modeline "1368x768"x59.9   72.25  1368 1416 1448 1528  768 771 781 790 +hsync -vsync (47.3 kHz d)
[    14.069] (II) modeset(0): Modeline "1280x800"x120.0  174.25  1280 1380 1516 1752  800 801 804 829 doublescan -hsync +vsync (99.5 kHz d)
[    14.069] (II) modeset(0): Modeline "1280x800"x60.0  152.84  1280 2000 2060 2250  800 1086 1094 1132 -hsync -vsync (67.9 kHz e)
[    14.069] (II) modeset(0): Modeline "1280x800"x119.9  134.25  1280 1304 1320 1360  800 801 804 823 doublescan +hsync -vsync (98.7 kHz d)
[    14.069] (II) modeset(0): Modeline "1280x800"x59.8   83.50  1280 1352 1480 1680  800 803 809 831 -hsync +vsync (49.7 kHz d)
[    14.069] (II) modeset(0): Modeline "1280x800"x59.9   71.00  1280 1328 1360 1440  800 803 809 823 +hsync -vsync (49.3 kHz d)
[    14.069] (II) modeset(0): Modeline "1280x720"x120.0  156.12  1280 1376 1512 1744  720 721 724 746 doublescan -hsync +vsync (89.5 kHz d)
[    14.069] (II) modeset(0): Modeline "1280x720"x60.0  152.84  1280 2000 2060 2250  720 1086 1094 1132 -hsync -vsync (67.9 kHz e)
[    14.069] (II) modeset(0): Modeline "1280x720"x120.0  120.75  1280 1304 1320 1360  720 721 724 740 doublescan +hsync -vsync (88.8 kHz d)
[    14.069] (II) modeset(0): Modeline "1280x720"x59.9   74.50  1280 1344 1472 1664  720 723 728 748 -hsync +vsync (44.8 kHz d)
[    14.069] (II) modeset(0): Modeline "1280x720"x59.7   63.75  1280 1328 1360 1440  720 723 728 741 +hsync -vsync (44.3 kHz d)
[    14.069] (II) modeset(0): Modeline "1024x768"x60.0  152.84  1024 2000 2060 2250  768 1086 1094 1132 -hsync -vsync (67.9 kHz e)
[    14.069] (II) modeset(0): Modeline "1024x768"x120.1  133.47  1024 1100 1212 1400  768 768 770 794 doublescan -hsync +vsync (95.3 kHz d)
[    14.069] (II) modeset(0): Modeline "1024x768"x60.0   65.00  1024 1048 1184 1344  768 771 777 806 -hsync -vsync (48.4 kHz d)
[    14.069] (II) modeset(0): Modeline "960x720"x120.0  117.00  960 1024 1128 1300  720 720 722 750 doublescan -hsync +vsync (90.0 kHz d)
[    14.069] (II) modeset(0): Modeline "928x696"x120.1  109.15  928 976 1088 1264  696 696 698 719 doublescan -hsync +vsync (86.4 kHz d)
[    14.069] (II) modeset(0): Modeline "896x672"x120.0  102.40  896 960 1060 1224  672 672 674 697 doublescan -hsync +vsync (83.7 kHz d)
[    14.069] (II) modeset(0): Modeline "1024x576"x119.9   98.50  1024 1092 1200 1376  576 577 580 597 doublescan -hsync +vsync (71.6 kHz d)
[    14.069] (II) modeset(0): Modeline "1024x576"x119.9   78.38  1024 1048 1064 1104  576 577 580 592 doublescan +hsync -vsync (71.0 kHz d)
[    14.069] (II) modeset(0): Modeline "1024x576"x59.9   46.50  1024 1064 1160 1296  576 579 584 599 -hsync +vsync (35.9 kHz d)
[    14.069] (II) modeset(0): Modeline "1024x576"x59.8   42.00  1024 1072 1104 1184  576 579 584 593 +hsync -vsync (35.5 kHz d)
[    14.069] (II) modeset(0): Modeline "960x600"x119.9   96.62  960 1028 1128 1296  600 601 604 622 doublescan -hsync +vsync (74.6 kHz d)
[    14.069] (II) modeset(0): Modeline "960x600"x120.0   77.00  960 984 1000 1040  600 601 604 617 doublescan +hsync -vsync (74.0 kHz d)
[    14.070] (II) modeset(0): Modeline "960x540"x119.9   86.50  960 1024 1124 1288  540 541 544 560 doublescan -hsync +vsync (67.2 kHz d)
[    14.070] (II) modeset(0): Modeline "960x540"x120.0   69.25  960 984 1000 1040  540 541 544 555 doublescan +hsync -vsync (66.6 kHz d)
[    14.070] (II) modeset(0): Modeline "960x540"x59.6   40.75  960 992 1088 1216  540 543 548 562 -hsync +vsync (33.5 kHz d)
[    14.070] (II) modeset(0): Modeline "960x540"x59.8   37.25  960 1008 1040 1120  540 543 548 556 +hsync -vsync (33.3 kHz d)
[    14.070] (II) modeset(0): Modeline "800x600"x60.0  152.84  800 2000 2060 2250  600 1086 1094 1132 -hsync -vsync (67.9 kHz e)
[    14.070] (II) modeset(0): Modeline "800x600"x120.0   81.00  800 832 928 1080  600 600 602 625 doublescan +hsync +vsync (75.0 kHz d)
[    14.070] (II) modeset(0): Modeline "800x600"x60.3   40.00  800 840 968 1056  600 601 605 628 +hsync +vsync (37.9 kHz d)
[    14.070] (II) modeset(0): Modeline "800x600"x56.2   36.00  800 824 896 1024  600 601 603 625 +hsync +vsync (35.2 kHz d)
[    14.070] (II) modeset(0): Modeline "840x525"x120.0   73.12  840 892 980 1120  525 526 529 544 doublescan -hsync +vsync (65.3 kHz d)
[    14.070] (II) modeset(0): Modeline "840x525"x119.8   59.50  840 864 880 920  525 526 529 540 doublescan +hsync -vsync (64.7 kHz d)
[    14.070] (II) modeset(0): Modeline "864x486"x59.9   32.50  864 888 968 1072  486 489 494 506 -hsync +vsync (30.3 kHz d)
[    14.070] (II) modeset(0): Modeline "864x486"x59.6   30.50  864 912 944 1024  486 489 494 500 +hsync -vsync (29.8 kHz d)
[    14.070] (II) modeset(0): Modeline "700x525"x120.0   61.00  700 744 820 940  525 526 532 541 doublescan +hsync +vsync (64.9 kHz d)
[    14.070] (II) modeset(0): Modeline "800x450"x119.9   59.12  800 848 928 1056  450 451 454 467 doublescan -hsync +vsync (56.0 kHz d)
[    14.070] (II) modeset(0): Modeline "800x450"x119.6   48.75  800 824 840 880  450 451 454 463 doublescan +hsync -vsync (55.4 kHz d)
[    14.070] (II) modeset(0): Modeline "640x512"x120.0   54.00  640 664 720 844  512 512 514 533 doublescan +hsync +vsync (64.0 kHz d)
[    14.070] (II) modeset(0): Modeline "700x450"x119.9   51.75  700 740 812 924  450 451 456 467 doublescan -hsync +vsync (56.0 kHz d)
[    14.070] (II) modeset(0): Modeline "700x450"x119.8   43.25  700 724 740 780  450 451 456 463 doublescan +hsync -vsync (55.4 kHz d)
[    14.070] (II) modeset(0): Modeline "640x480"x60.0  152.84  640 2000 2060 2250  480 1086 1094 1132 -hsync -vsync (67.9 kHz e)
[    14.070] (II) modeset(0): Modeline "640x480"x120.0   54.00  640 688 744 900  480 480 482 500 doublescan +hsync +vsync (60.0 kHz d)
[    14.070] (II) modeset(0): Modeline "640x480"x59.9   25.18  640 656 752 800  480 490 492 525 -hsync -vsync (31.5 kHz d)
[    14.070] (II) modeset(0): Modeline "720x405"x59.5   22.50  720 744 808 896  405 408 413 422 -hsync +vsync (25.1 kHz d)
[    14.070] (II) modeset(0): Modeline "720x405"x59.0   21.75  720 768 800 880  405 408 413 419 +hsync -vsync (24.7 kHz d)
[    14.070] (II) modeset(0): Modeline "684x384"x119.8   42.62  684 720 788 892  384 385 390 399 doublescan -hsync +vsync (47.8 kHz d)
[    14.070] (II) modeset(0): Modeline "684x384"x119.7   36.12  684 708 724 764  384 385 390 395 doublescan +hsync -vsync (47.3 kHz d)
[    14.070] (II) modeset(0): Modeline "640x400"x119.8   41.75  640 676 740 840  400 401 404 415 doublescan -hsync +vsync (49.7 kHz d)
[    14.070] (II) modeset(0): Modeline "640x400"x120.0   35.50  640 664 680 720  400 401 404 411 doublescan +hsync -vsync (49.3 kHz d)
[    14.070] (II) modeset(0): Modeline "640x360"x119.7   37.25  640 672 736 832  360 361 364 374 doublescan -hsync +vsync (44.8 kHz d)
[    14.070] (II) modeset(0): Modeline "640x360"x119.7   31.88  640 664 680 720  360 361 364 370 doublescan +hsync -vsync (44.3 kHz d)
[    14.070] (II) modeset(0): Modeline "640x360"x59.8   18.00  640 664 720 800  360 363 368 376 -hsync +vsync (22.5 kHz d)
[    14.070] (II) modeset(0): Modeline "640x360"x59.3   17.75  640 688 720 800  360 363 368 374 +hsync -vsync (22.2 kHz d)
[    14.070] (II) modeset(0): Modeline "512x384"x120.0   32.50  512 524 592 672  384 385 388 403 doublescan -hsync -vsync (48.4 kHz d)
[    14.070] (II) modeset(0): Modeline "512x288"x120.0   23.25  512 532 580 648  288 289 292 299 doublescan -hsync +vsync (35.9 kHz d)
[    14.070] (II) modeset(0): Modeline "512x288"x119.8   21.00  512 536 552 592  288 289 292 296 doublescan +hsync -vsync (35.5 kHz d)
[    14.070] (II) modeset(0): Modeline "480x270"x119.3   20.38  480 496 544 608  270 271 274 281 doublescan -hsync +vsync (33.5 kHz d)
[    14.070] (II) modeset(0): Modeline "480x270"x119.6   18.62  480 504 520 560  270 271 274 278 doublescan +hsync -vsync (33.3 kHz d)
[    14.070] (II) modeset(0): Modeline "400x300"x120.6   20.00  400 420 484 528  300 300 302 314 doublescan +hsync +vsync (37.9 kHz d)
[    14.070] (II) modeset(0): Modeline "400x300"x112.7   18.00  400 412 448 512  300 300 301 312 doublescan +hsync +vsync (35.2 kHz d)
[    14.070] (II) modeset(0): Modeline "432x243"x119.8   16.25  432 444 484 536  243 244 247 253 doublescan -hsync +vsync (30.3 kHz d)
[    14.070] (II) modeset(0): Modeline "432x243"x119.1   15.25  432 456 472 512  243 244 247 250 doublescan +hsync -vsync (29.8 kHz d)
[    14.070] (II) modeset(0): Modeline "320x240"x120.1   12.59  320 328 376 400  240 245 246 262 doublescan -hsync -vsync (31.5 kHz d)
[    14.070] (II) modeset(0): Modeline "360x202"x119.0   11.25  360 372 404 448  202 204 206 211 doublescan -hsync +vsync (25.1 kHz d)
[    14.070] (II) modeset(0): Modeline "360x202"x118.3   10.88  360 384 400 440  202 204 206 209 doublescan +hsync -vsync (24.7 kHz d)
[    14.070] (II) modeset(0): Modeline "320x180"x119.7    9.00  320 332 360 400  180 181 184 188 doublescan -hsync +vsync (22.5 kHz d)
[    14.070] (II) modeset(0): Modeline "320x180"x118.6    8.88  320 344 360 400  180 181 184 187 doublescan +hsync -vsync (22.2 kHz d)
[    14.070] (II) modeset(0): EDID for output HDMI-1
[    14.070] (II) modeset(0): EDID for output DP-1
[    14.070] (II) modeset(0): EDID for output DP-2
[    14.070] (II) modeset(0): Output eDP-1 connected
[    14.070] (II) modeset(0): Output HDMI-1 disconnected
[    14.070] (II) modeset(0): Output DP-1 disconnected
[    14.070] (II) modeset(0): Output DP-2 disconnected
[    14.070] (II) modeset(0): Using exact sizes for initial modes
[    14.070] (II) modeset(0): Output eDP-1 using initial mode 1920x1080 +0+0
[    14.070] (==) modeset(0): Using gamma correction (1.0, 1.0, 1.0)
[    14.070] (==) modeset(0): DPI set to (96, 96)
[    14.070] (II) Loading sub module "fb"
[    14.070] (II) LoadModule: "fb"
[    14.070] (II) Loading /usr/lib/xorg/modules/libfb.so
[    14.071] (II) Module fb: vendor="X.Org Foundation"
[    14.071] 	compiled for 1.20.6, module version = 1.0.0
[    14.071] 	ABI class: X.Org ANSI C Emulation, version 0.4
[    14.071] (II) UnloadModule: "vesa"
[    14.071] (II) Unloading vesa
[    16.847] (==) modeset(0): Backing store enabled
[    16.847] (==) modeset(0): Silken mouse disabled
[    16.849] (II) modeset(0): Initializing kms color map for depth 24, 8 bpc.
[    16.850] (==) modeset(0): DPMS enabled
[    16.851] (EE) modeset(0): [DRI2] No driver mapping found for PCI device 0x1002 / 0x15d8
[    16.851] (EE) modeset(0): Failed to initialize the DRI2 extension.
[    16.851] (II) Initializing extension Generic Event Extension
[    16.851] (II) Initializing extension SHAPE
[    16.851] (II) Initializing extension MIT-SHM
[    16.851] (II) Initializing extension XInputExtension
[    16.851] (II) Initializing extension XTEST
[    16.851] (II) Initializing extension BIG-REQUESTS
[    16.851] (II) Initializing extension SYNC
[    16.851] (II) Initializing extension XKEYBOARD
[    16.851] (II) Initializing extension XC-MISC
[    16.851] (II) Initializing extension SECURITY
[    16.851] (II) Initializing extension XFIXES
[    16.851] (II) Initializing extension RENDER
[    16.851] (II) Initializing extension RANDR
[    16.851] (II) Initializing extension COMPOSITE
[    16.851] (II) Initializing extension DAMAGE
[    16.851] (II) Initializing extension MIT-SCREEN-SAVER
[    16.851] (II) Initializing extension DOUBLE-BUFFER
[    16.851] (II) Initializing extension RECORD
[    16.851] (II) Initializing extension DPMS
[    16.851] (II) Initializing extension Present
[    16.851] (II) Initializing extension DRI3
[    16.851] (II) Initializing extension X-Resource
[    16.851] (II) Initializing extension XVideo
[    16.851] (II) Initializing extension XVideo-MotionCompensation
[    16.851] (II) Initializing extension GLX
[    16.851] (II) AIGLX: Screen 0 is not DRI2 capable
[    16.859] (II) IGLX: Loaded and initialized swrast
[    16.859] (II) GLX: Initialized DRISWRAST GL provider for screen 0
[    16.859] (II) Initializing extension XFree86-VidModeExtension
[    16.859] (II) Initializing extension XFree86-DGA
[    16.859] (II) Initializing extension XFree86-DRI
[    16.859] (II) Initializing extension DRI2
[    16.861] (II) modeset(0): Damage tracking initialized
[    16.861] (II) modeset(0): Setting screen physical size to 508 x 285
[    16.982] (II) config/udev: Adding input device Power Button (/dev/input/event3)
[    16.982] (**) Power Button: Applying InputClass "libinput keyboard catchall"
[    16.982] (II) LoadModule: "libinput"
[    16.982] (II) Loading /usr/lib/xorg/modules/input/libinput_drv.so
[    16.987] (II) Module libinput: vendor="X.Org Foundation"
[    16.987] 	compiled for 1.20.5, module version = 0.29.0
[    16.987] 	Module class: X.Org XInput Driver
[    16.987] 	ABI class: X.Org XInput driver, version 24.1
[    16.987] (II) Using input driver 'libinput' for 'Power Button'
[    16.989] (II) systemd-logind: got fd for /dev/input/event3 13:67 fd 17 paused 0
[    16.989] (**) Power Button: always reports core events
[    16.989] (**) Option "Device" "/dev/input/event3"
[    16.989] (**) Option "_source" "server/udev"
[    16.992] (II) event3  - Power Button: is tagged by udev as: Keyboard
[    16.992] (II) event3  - Power Button: device is a keyboard
[    16.992] (II) event3  - Power Button: device removed
[    16.992] (**) Option "config_info" "udev:/sys/devices/LNXSYSTM:00/LNXPWRBN:00/input/input3/event3"
[    16.992] (II) XINPUT: Adding extended input device "Power Button" (type: KEYBOARD, id 6)
[    16.993] (II) event3  - Power Button: is tagged by udev as: Keyboard
[    16.993] (II) event3  - Power Button: device is a keyboard
[    16.994] (II) config/udev: Adding input device Video Bus (/dev/input/event4)
[    16.994] (**) Video Bus: Applying InputClass "libinput keyboard catchall"
[    16.995] (II) Using input driver 'libinput' for 'Video Bus'
[    16.996] (II) systemd-logind: got fd for /dev/input/event4 13:68 fd 20 paused 0
[    16.996] (**) Video Bus: always reports core events
[    16.996] (**) Option "Device" "/dev/input/event4"
[    16.996] (**) Option "_source" "server/udev"
[    16.999] (II) event4  - Video Bus: is tagged by udev as: Keyboard
[    16.999] (II) event4  - Video Bus: device is a keyboard
[    16.999] (II) event4  - Video Bus: device removed
[    16.999] (**) Option "config_info" "udev:/sys/devices/LNXSYSTM:00/LNXSYBUS:00/PNP0A08:00/device:08/LNXVIDEO:00/input/input4/event4"
[    16.999] (II) XINPUT: Adding extended input device "Video Bus" (type: KEYBOARD, id 7)
[    17.002] (II) event4  - Video Bus: is tagged by udev as: Keyboard
[    17.002] (II) event4  - Video Bus: device is a keyboard
[    17.004] (II) config/udev: Adding input device Power Button (/dev/input/event0)
[    17.004] (**) Power Button: Applying InputClass "libinput keyboard catchall"
[    17.004] (II) Using input driver 'libinput' for 'Power Button'
[    17.005] (II) systemd-logind: got fd for /dev/input/event0 13:64 fd 21 paused 0
[    17.005] (**) Power Button: always reports core events
[    17.005] (**) Option "Device" "/dev/input/event0"
[    17.005] (**) Option "_source" "server/udev"
[    17.007] (II) event0  - Power Button: is tagged by udev as: Keyboard
[    17.007] (II) event0  - Power Button: device is a keyboard
[    17.007] (II) event0  - Power Button: device removed
[    17.007] (**) Option "config_info" "udev:/sys/devices/LNXSYSTM:00/LNXSYBUS:00/PNP0C0C:00/input/input0/event0"
[    17.007] (II) XINPUT: Adding extended input device "Power Button" (type: KEYBOARD, id 8)
[    17.009] (II) event0  - Power Button: is tagged by udev as: Keyboard
[    17.009] (II) event0  - Power Button: device is a keyboard
[    17.010] (II) config/udev: Adding input device Lid Switch (/dev/input/event1)
[    17.010] (II) No input driver specified, ignoring this device.
[    17.010] (II) This device may have been added with another device file.
[    17.011] (II) config/udev: Adding input device Sleep Button (/dev/input/event2)
[    17.011] (**) Sleep Button: Applying InputClass "libinput keyboard catchall"
[    17.011] (II) Using input driver 'libinput' for 'Sleep Button'
[    17.013] (II) systemd-logind: got fd for /dev/input/event2 13:66 fd 22 paused 0
[    17.013] (**) Sleep Button: always reports core events
[    17.013] (**) Option "Device" "/dev/input/event2"
[    17.013] (**) Option "_source" "server/udev"
[    17.015] (II) event2  - Sleep Button: is tagged by udev as: Keyboard
[    17.015] (II) event2  - Sleep Button: device is a keyboard
[    17.015] (II) event2  - Sleep Button: device removed
[    17.015] (**) Option "config_info" "udev:/sys/devices/LNXSYSTM:00/LNXSYBUS:00/PNP0C0E:00/input/input2/event2"
[    17.015] (II) XINPUT: Adding extended input device "Sleep Button" (type: KEYBOARD, id 9)
[    17.017] (II) event2  - Sleep Button: is tagged by udev as: Keyboard
[    17.017] (II) event2  - Sleep Button: device is a keyboard
[    17.019] (II) config/udev: Adding input device HD-Audio Generic HDMI/DP,pcm=3 (/dev/input/event8)
[    17.019] (II) No input driver specified, ignoring this device.
[    17.019] (II) This device may have been added with another device file.
[    17.020] (II) config/udev: Adding input device HD-Audio Generic HDMI/DP,pcm=7 (/dev/input/event9)
[    17.020] (II) No input driver specified, ignoring this device.
[    17.020] (II) This device may have been added with another device file.
[    17.021] (II) config/udev: Adding input device HD-Audio Generic HDMI/DP,pcm=8 (/dev/input/event10)
[    17.021] (II) No input driver specified, ignoring this device.
[    17.021] (II) This device may have been added with another device file.
[    17.023] (II) config/udev: Adding input device Integrated Camera: Integrated C (/dev/input/event13)
[    17.023] (**) Integrated Camera: Integrated C: Applying InputClass "libinput keyboard catchall"
[    17.023] (II) Using input driver 'libinput' for 'Integrated Camera: Integrated C'
[    17.025] (II) systemd-logind: got fd for /dev/input/event13 13:77 fd 23 paused 0
[    17.025] (**) Integrated Camera: Integrated C: always reports core events
[    17.025] (**) Option "Device" "/dev/input/event13"
[    17.025] (**) Option "_source" "server/udev"
[    17.028] (II) event13 - Integrated Camera: Integrated C: is tagged by udev as: Keyboard
[    17.028] (II) event13 - Integrated Camera: Integrated C: device is a keyboard
[    17.028] (II) event13 - Integrated Camera: Integrated C: device removed
[    17.028] (**) Option "config_info" "udev:/sys/devices/pci0000:00/0000:00:08.1/0000:04:00.4/usb3/3-2/3-2:1.0/input/input15/event13"
[    17.028] (II) XINPUT: Adding extended input device "Integrated Camera: Integrated C" (type: KEYBOARD, id 10)
[    17.032] (II) event13 - Integrated Camera: Integrated C: is tagged by udev as: Keyboard
[    17.032] (II) event13 - Integrated Camera: Integrated C: device is a keyboard
[    17.033] (II) config/udev: Adding input device HD-Audio Generic Mic (/dev/input/event11)
[    17.033] (II) No input driver specified, ignoring this device.
[    17.033] (II) This device may have been added with another device file.
[    17.034] (II) config/udev: Adding input device HD-Audio Generic Headphone (/dev/input/event12)
[    17.034] (II) No input driver specified, ignoring this device.
[    17.034] (II) This device may have been added with another device file.
[    17.035] (II) config/udev: Adding input device AT Translated Set 2 keyboard (/dev/input/event5)
[    17.035] (**) AT Translated Set 2 keyboard: Applying InputClass "libinput keyboard catchall"
[    17.035] (II) Using input driver 'libinput' for 'AT Translated Set 2 keyboard'
[    17.036] (II) systemd-logind: got fd for /dev/input/event5 13:69 fd 24 paused 0
[    17.037] (**) AT Translated Set 2 keyboard: always reports core events
[    17.037] (**) Option "Device" "/dev/input/event5"
[    17.037] (**) Option "_source" "server/udev"
[    17.039] (II) event5  - AT Translated Set 2 keyboard: is tagged by udev as: Keyboard
[    17.039] (II) event5  - AT Translated Set 2 keyboard: device is a keyboard
[    17.040] (II) event5  - AT Translated Set 2 keyboard: device removed
[    17.040] (**) Option "config_info" "udev:/sys/devices/platform/i8042/serio0/input/input5/event5"
[    17.040] (II) XINPUT: Adding extended input device "AT Translated Set 2 keyboard" (type: KEYBOARD, id 11)
[    17.042] (II) event5  - AT Translated Set 2 keyboard: is tagged by udev as: Keyboard
[    17.043] (II) event5  - AT Translated Set 2 keyboard: device is a keyboard
[    17.045] (II) config/udev: Adding input device SynPS/2 Synaptics TouchPad (/dev/input/event14)
[    17.045] (**) SynPS/2 Synaptics TouchPad: Applying InputClass "libinput touchpad catchall"
[    17.045] (II) Using input driver 'libinput' for 'SynPS/2 Synaptics TouchPad'
[    17.046] (II) systemd-logind: got fd for /dev/input/event14 13:78 fd 25 paused 0
[    17.046] (**) SynPS/2 Synaptics TouchPad: always reports core events
[    17.046] (**) Option "Device" "/dev/input/event14"
[    17.046] (**) Option "_source" "server/udev"
[    17.048] (II) event14 - SynPS/2 Synaptics TouchPad: is tagged by udev as: Touchpad
[    17.049] (II) event14 - SynPS/2 Synaptics TouchPad: no resolution or size hints, assuming a size of 69x50mm
[    17.051] (II) event14 - SynPS/2 Synaptics TouchPad: device is a touchpad
[    17.051] (II) event14 - SynPS/2 Synaptics TouchPad: device removed
[    17.052] (**) Option "config_info" "udev:/sys/devices/platform/i8042/serio1/input/input9/event14"
[    17.052] (II) XINPUT: Adding extended input device "SynPS/2 Synaptics TouchPad" (type: TOUCHPAD, id 12)
[    17.054] (**) Option "AccelerationScheme" "none"
[    17.054] (**) SynPS/2 Synaptics TouchPad: (accel) selected scheme none/0
[    17.054] (**) SynPS/2 Synaptics TouchPad: (accel) acceleration factor: 2.000
[    17.054] (**) SynPS/2 Synaptics TouchPad: (accel) acceleration threshold: 4
[    17.056] (II) event14 - SynPS/2 Synaptics TouchPad: is tagged by udev as: Touchpad
[    17.057] (II) event14 - SynPS/2 Synaptics TouchPad: no resolution or size hints, assuming a size of 69x50mm
[    17.057] (II) event14 - SynPS/2 Synaptics TouchPad: device is a touchpad
[    17.058] (II) config/udev: Adding input device SynPS/2 Synaptics TouchPad (/dev/input/mouse0)
[    17.058] (II) No input driver specified, ignoring this device.
[    17.058] (II) This device may have been added with another device file.
[    17.059] (II) config/udev: Adding input device TPPS/2 Elan TrackPoint (/dev/input/event15)
[    17.059] (**) TPPS/2 Elan TrackPoint: Applying InputClass "libinput pointer catchall"
[    17.059] (II) Using input driver 'libinput' for 'TPPS/2 Elan TrackPoint'
[    17.060] (II) systemd-logind: got fd for /dev/input/event15 13:79 fd 26 paused 0
[    17.060] (**) TPPS/2 Elan TrackPoint: always reports core events
[    17.060] (**) Option "Device" "/dev/input/event15"
[    17.060] (**) Option "_source" "server/udev"
[    17.061] (II) event15 - TPPS/2 Elan TrackPoint: is tagged by udev as: Mouse Pointingstick
[    17.061] (II) event15 - TPPS/2 Elan TrackPoint: device is a pointer
[    17.062] (II) event15 - TPPS/2 Elan TrackPoint: device removed
[    17.062] (**) Option "config_info" "udev:/sys/devices/platform/i8042/serio1/serio2/input/input16/event15"
[    17.062] (II) XINPUT: Adding extended input device "TPPS/2 Elan TrackPoint" (type: MOUSE, id 13)
[    17.062] (**) Option "AccelerationScheme" "none"
[    17.062] (**) TPPS/2 Elan TrackPoint: (accel) selected scheme none/0
[    17.062] (**) TPPS/2 Elan TrackPoint: (accel) acceleration factor: 2.000
[    17.062] (**) TPPS/2 Elan TrackPoint: (accel) acceleration threshold: 4
[    17.064] (II) event15 - TPPS/2 Elan TrackPoint: is tagged by udev as: Mouse Pointingstick
[    17.064] (II) event15 - TPPS/2 Elan TrackPoint: device is a pointer
[    17.065] (II) config/udev: Adding input device TPPS/2 Elan TrackPoint (/dev/input/mouse1)
[    17.065] (II) No input driver specified, ignoring this device.
[    17.065] (II) This device may have been added with another device file.
[    17.066] (II) config/udev: Adding input device PC Speaker (/dev/input/event6)
[    17.066] (II) No input driver specified, ignoring this device.
[    17.066] (II) This device may have been added with another device file.
[    17.067] (II) config/udev: Adding input device ThinkPad Extra Buttons (/dev/input/event7)
[    17.067] (**) ThinkPad Extra Buttons: Applying InputClass "libinput keyboard catchall"
[    17.067] (II) Using input driver 'libinput' for 'ThinkPad Extra Buttons'
[    17.068] (II) systemd-logind: got fd for /dev/input/event7 13:71 fd 27 paused 0
[    17.068] (**) ThinkPad Extra Buttons: always reports core events
[    17.068] (**) Option "Device" "/dev/input/event7"
[    17.068] (**) Option "_source" "server/udev"
[    17.069] (II) event7  - ThinkPad Extra Buttons: is tagged by udev as: Keyboard Switch
[    17.069] (II) event7  - ThinkPad Extra Buttons: device is a keyboard
[    17.069] (II) event7  - ThinkPad Extra Buttons: device removed
[    17.069] (**) Option "config_info" "udev:/sys/devices/platform/thinkpad_acpi/input/input7/event7"
[    17.069] (II) XINPUT: Adding extended input device "ThinkPad Extra Buttons" (type: KEYBOARD, id 14)
[    17.070] (II) event7  - ThinkPad Extra Buttons: is tagged by udev as: Keyboard Switch
[    17.070] (II) event7  - ThinkPad Extra Buttons: device is a keyboard
[    19.784] (II) event15 - TPPS/2 Elan TrackPoint: SYN_DROPPED event - some input events have been lost.
[    19.993] (II) modeset(0): Disabling kernel dirty updates, not required.
[    20.048] (II) modeset(0): EDID vendor "CMN", prod id 5332
[    20.048] (II) modeset(0): Printing DDC gathered Modelines:
[    20.048] (II) modeset(0): Modeline "1920x1080"x0.0  152.84  1920 2000 2060 2250  1080 1086 1094 1132 -hsync -vsync (67.9 kHz eP)
[    20.076] (II) modeset(0): EDID vendor "CMN", prod id 5332
[    20.077] (II) modeset(0): Printing DDC gathered Modelines:
[    20.077] (II) modeset(0): Modeline "1920x1080"x0.0  152.84  1920 2000 2060 2250  1080 1086 1094 1132 -hsync -vsync (67.9 kHz eP)
[    25.636] (EE) client bug: timer event14 trackpoint: offset negative (-2537ms)
[    25.636] (EE) client bug: timer event14 trackpoint: offset negative (-2461ms)
[    25.636] (EE) client bug: timer event14 trackpoint: offset negative (-2356ms)
[    25.636] (EE) client bug: timer event14 trackpoint: offset negative (-2186ms)
[    25.636] (EE) client bug: timer event14 trackpoint: offset negative (-989ms)
[    25.636] (EE) client bug: timer event14 trackpoint: offset negative (-963ms)
[    25.636] (EE) client bug: timer event14 trackpoint: offset negative (-664ms)
[    25.636] (EE) client bug: timer event14 trackpoint: offset negative (-626ms)
[    25.636] (EE) client bug: timer event14 trackpoint: offset negative (-587ms)
[    25.636] (EE) client bug: timer event14 trackpoint: offset negative (-551ms)
[    25.636] (EE) client bug: timer event14 trackpoint: offset negative (-514ms)
[    25.636] (EE) client bug: timer event14 trackpoint: offset negative (-476ms)
[    25.636] (EE) client bug: timer event14 trackpoint: offset negative (-437ms)
[    25.637] (EE) client bug: timer event14 trackpoint: offset negative (-400ms)
[    25.637] (EE) client bug: timer event14 trackpoint: offset negative (-378ms)
[    25.637] (EE) client bug: timer event14 trackpoint: offset negative (-351ms)
[    25.637] (EE) client bug: timer event14 trackpoint: offset negative (-329ms)
[    25.637] (EE) client bug: timer event14 trackpoint: offset negative (-303ms)
[    25.637] (EE) client bug: timer event14 trackpoint: offset negative (-274ms)
[    25.637] (EE) client bug: timer event14 trackpoint: offset negative (-238ms)
[    25.637] (EE) client bug: timer event14 trackpoint: offset negative (-202ms)
[    25.637] (EE) client bug: timer event14 trackpoint: offset negative (-174ms)
[    25.637] (EE) client bug: timer event14 trackpoint: offset negative (-137ms)
[    25.637] (EE) client bug: timer event14 trackpoint: offset negative (-101ms)
[    25.637] (EE) client bug: timer event14 trackpoint: offset negative (-74ms)
[    25.637] (EE) client bug: timer event14 trackpoint: offset negative (-50ms)
[    25.637] (EE) client bug: timer event14 trackpoint: offset negative (-25ms)
[   175.575] (II) event15 - TPPS/2 Elan TrackPoint: SYN_DROPPED event - some input events have been lost.
[   178.396] (II) event15 - TPPS/2 Elan TrackPoint: SYN_DROPPED event - some input events have been lost.
[   178.396] (EE) client bug: timer event15 debounce: offset negative (-970ms)
[   178.396] (EE) client bug: timer event15 btnscroll: offset negative (-796ms)
[   815.073] (EE) event14 - SynPS/2 Synaptics TouchPad: kernel bug: Touch jump detected and discarded.
See https://wayland.freedesktop.org/libinput/doc/1.14.3/touchpad-jumping-cursors.html for details
